Arguments: 
  /usr/bin/node /usr/local/bin/yarn add --dev typescript

PATH: 
  /home/santhosh/.local/bin:/usr/local/sbin:/usr/local/bin:/usr/sbin:/usr/bin:/sbin:/bin:/usr/games:/usr/local/games:/snap/bin:/snap/bin

Yarn version: 
  1.22.17

Node version: 
  10.19.0

Platform: 
  linux x64

Trace: 
  Error: getaddrinfo EAI_AGAIN registry.yarnpkg.com registry.yarnpkg.com:443
      at GetAddrInfoReqWrap.onlookup [as oncomplete] (dns.js:56:26)

npm manifest: 
  {
    "name": "react-quizlet-flashcard",
    "version": "1.0.0",
    "description": "Flashcard component just like the one from quizlet",
    "main": "index.js",
    "author": "ABSanthosh",
    "license": "MIT"
  }

yarn manifest: 
  No manifest

Lockfile: 
  No lockfile
